<?xml version="1.0" encoding="UTF-8"?>
<!-- Generated by org.testng.reporters.JUnitReportReporter -->
<testsuite hostname="OANH-PC" failures="0" tests="4" name="herokuapp.Challenging_DOM" time="1.634" errors="0" timestamp="2020-08-08T10:14:42 ICT" skipped="3">
  <testcase classname="herokuapp.Challenging_DOM" name="staleElementJavaScriptExecutor" time="1.634"/>
  <system-out/>
  <testcase classname="herokuapp.Challenging_DOM" name="staleElement3">
    <skipped/>
  </testcase> <!-- staleElement3 -->
  <system-out/>
  <testcase classname="herokuapp.Challenging_DOM" name="staleElement1">
    <skipped/>
  </testcase> <!-- staleElement1 -->
  <system-out/>
  <testcase classname="herokuapp.Challenging_DOM" name="staleElement2">
    <skipped/>
  </testcase> <!-- staleElement2 -->
  <system-out/>
</testsuite> <!-- herokuapp.Challenging_DOM -->
